<?xml version="1.0" encoding="UTF-8"?>
<!-- Generated by org.testng.reporters.JUnitXMLReporter -->
<testsuite ignored="0" hostname="DESKTOP-RUC9O5J" failures="0" tests="3" name="Test" time="27.166" errors="0" timestamp="2020-08-10T20:50:42 EDT">
  <testcase classname="Academy.E2EProject.HomePage" name="basePageNavigation" time="6.605"/>
  <testcase classname="Academy.E2EProject.ValidateNavigationBar" name="basePageNavigation" time="5.151"/>
  <testcase classname="Academy.E2EProject.ValidateTitle" name="basePageNavigation" time="5.009"/>
</testsuite> <!-- Test -->
