<?xml version="1.0" encoding="UTF-8"?>
<testng-results total="6" passed="6" failed="0" skipped="0">
  <reporter-output>
  </reporter-output>
  <suite started-at="2020-08-24T03:04:26Z" name="Suite" finished-at="2020-08-24T03:05:04Z" duration-ms="37393">
    <groups>
    </groups>
    <test started-at="2020-08-24T03:04:26Z" name="ValidateTitle" finished-at="2020-08-24T03:04:48Z" duration-ms="21473">
      <class name="Academy.E2EProject.ValidateTitle">
        <test-method is-config="true" signature="StartUp()[pri:0, instance:Academy.E2EProject.ValidateTitle@5ddeb7cb]" started-at="2020-08-23T23:04:26Z" name="StartUp" finished-at="2020-08-23T23:04:43Z" duration-ms="16226" status="PASS">
          <reporter-output>
          </reporter-output>
        </test-method> <!-- StartUp -->
        <test-method signature="basePageNavigation()[pri:0, instance:Academy.E2EProject.ValidateTitle@5ddeb7cb]" started-at="2020-08-23T23:04:43Z" name="basePageNavigation" finished-at="2020-08-23T23:04:43Z" duration-ms="295" status="PASS">
          <reporter-output>
          </reporter-output>
        </test-method> <!-- basePageNavigation -->
        <test-method is-config="true" signature="tearDown()[pri:0, instance:Academy.E2EProject.ValidateTitle@5ddeb7cb]" started-at="2020-08-23T23:04:43Z" name="tearDown" finished-at="2020-08-23T23:04:48Z" duration-ms="4947" status="PASS">
          <reporter-output>
          </reporter-output>
        </test-method> <!-- tearDown -->
      </class> <!-- Academy.E2EProject.ValidateTitle -->
    </test> <!-- ValidateTitle -->
    <test started-at="2020-08-24T03:04:26Z" name="ValidateNavigationBar" finished-at="2020-08-24T03:04:48Z" duration-ms="22008">
      <class name="Academy.E2EProject.ValidateNavigationBar">
        <test-method is-config="true" signature="StartUp()[pri:0, instance:Academy.E2EProject.ValidateNavigationBar@1caa0244]" started-at="2020-08-23T23:04:26Z" name="StartUp" finished-at="2020-08-23T23:04:43Z" duration-ms="16211" status="PASS">
          <reporter-output>
          </reporter-output>
        </test-method> <!-- StartUp -->
        <test-method signature="basePageNavigation()[pri:0, instance:Academy.E2EProject.ValidateNavigationBar@1caa0244]" started-at="2020-08-23T23:04:43Z" name="basePageNavigation" finished-at="2020-08-23T23:04:43Z" duration-ms="715" status="PASS">
          <reporter-output>
          </reporter-output>
        </test-method> <!-- basePageNavigation -->
        <test-method is-config="true" signature="tearDown()[pri:0, instance:Academy.E2EProject.ValidateNavigationBar@1caa0244]" started-at="2020-08-23T23:04:43Z" name="tearDown" finished-at="2020-08-23T23:04:48Z" duration-ms="5067" status="PASS">
          <reporter-output>
          </reporter-output>
        </test-method> <!-- tearDown -->
      </class> <!-- Academy.E2EProject.ValidateNavigationBar -->
    </test> <!-- ValidateNavigationBar -->
    <test started-at="2020-08-24T03:04:26Z" name="Validate HomePage" finished-at="2020-08-24T03:04:51Z" duration-ms="24775">
      <class name="Academy.E2EProject.HomePage">
        <test-method is-config="true" signature="StartUp()[pri:0, instance:Academy.E2EProject.HomePage@5f049ea1]" started-at="2020-08-23T23:04:26Z" name="StartUp" finished-at="2020-08-23T23:04:32Z" duration-ms="5377" status="PASS">
          <reporter-output>
          </reporter-output>
        </test-method> <!-- StartUp -->
        <test-method signature="basePageNavigation(java.lang.String, java.lang.String, java.lang.String)[pri:0, instance:Academy.E2EProject.HomePage@5f049ea1]" started-at="2020-08-23T23:04:32Z" name="basePageNavigation" data-provider="getData" finished-at="2020-08-23T23:04:46Z" duration-ms="14211" status="PASS">
          <params>
            <param index="0">
              <value>
                <![CDATA[nonrestricteduser@qa.com]]>
              </value>
            </param>
            <param index="1">
              <value>
                <![CDATA[Testpassword]]>
              </value>
            </param>
            <param index="2">
              <value>
                <![CDATA[Restricted User]]>
              </value>
            </param>
          </params>
          <reporter-output>
          </reporter-output>
        </test-method> <!-- basePageNavigation -->
        <test-method signature="basePageNavigation(java.lang.String, java.lang.String, java.lang.String)[pri:0, instance:Academy.E2EProject.HomePage@5f049ea1]" started-at="2020-08-23T23:04:46Z" name="basePageNavigation" data-provider="getData" finished-at="2020-08-23T23:04:51Z" duration-ms="4822" status="PASS">
          <params>
            <param index="0">
              <value>
                <![CDATA[restricteduser@qa.com]]>
              </value>
            </param>
            <param index="1">
              <value>
                <![CDATA[Testpassword]]>
              </value>
            </param>
            <param index="2">
              <value>
                <![CDATA[Non Restricted User]]>
              </value>
            </param>
          </params>
          <reporter-output>
          </reporter-output>
        </test-method> <!-- basePageNavigation -->
        <test-method is-config="true" signature="tearDown()[pri:0, instance:Academy.E2EProject.HomePage@5f049ea1]" started-at="2020-08-23T23:04:51Z" name="tearDown" finished-at="2020-08-23T23:04:51Z" duration-ms="326" status="PASS">
          <reporter-output>
          </reporter-output>
        </test-method> <!-- tearDown -->
      </class> <!-- Academy.E2EProject.HomePage -->
    </test> <!-- Validate HomePage -->
    <test started-at="2020-08-24T03:04:26Z" name="ValidatePractice" finished-at="2020-08-24T03:04:54Z" duration-ms="28002">
      <class name="Academy.E2EProject.ValidatePractice">
        <test-method is-config="true" signature="StartUp()[pri:0, instance:Academy.E2EProject.ValidatePractice@221a3fa4]" started-at="2020-08-23T23:04:26Z" name="StartUp" finished-at="2020-08-23T23:04:46Z" duration-ms="19558" status="PASS">
          <reporter-output>
          </reporter-output>
        </test-method> <!-- StartUp -->
        <test-method signature="validatePracticePage()[pri:0, instance:Academy.E2EProject.ValidatePractice@221a3fa4]" started-at="2020-08-23T23:04:46Z" name="validatePracticePage" finished-at="2020-08-23T23:04:54Z" duration-ms="8436" status="PASS">
          <reporter-output>
          </reporter-output>
        </test-method> <!-- validatePracticePage -->
      </class> <!-- Academy.E2EProject.ValidatePractice -->
    </test> <!-- ValidatePractice -->
    <test started-at="2020-08-24T03:04:26Z" name="ValidateContactForm" finished-at="2020-08-24T03:05:04Z" duration-ms="37393">
      <class name="Academy.E2EProject.ValidateContactForm">
        <test-method is-config="true" signature="StartUp()[pri:0, instance:Academy.E2EProject.ValidateContactForm@6c284af]" started-at="2020-08-23T23:04:26Z" name="StartUp" finished-at="2020-08-23T23:04:45Z" duration-ms="18529" status="PASS">
          <reporter-output>
          </reporter-output>
        </test-method> <!-- StartUp -->
        <test-method signature="validateContact()[pri:0, instance:Academy.E2EProject.ValidateContactForm@6c284af]" started-at="2020-08-23T23:04:45Z" name="validateContact" finished-at="2020-08-23T23:05:00Z" duration-ms="14685" status="PASS">
          <reporter-output>
          </reporter-output>
        </test-method> <!-- validateContact -->
        <test-method is-config="true" signature="tearDown()[pri:0, instance:Academy.E2EProject.ValidateContactForm@6c284af]" started-at="2020-08-23T23:05:00Z" name="tearDown" finished-at="2020-08-23T23:05:04Z" duration-ms="4172" status="PASS">
          <reporter-output>
          </reporter-output>
        </test-method> <!-- tearDown -->
      </class> <!-- Academy.E2EProject.ValidateContactForm -->
    </test> <!-- ValidateContactForm -->
  </suite> <!-- Suite -->
</testng-results>
