<?xml version="1.0" encoding="UTF-8"?>
<testsuite xmlns:xsi="http://www.w3.org/2001/XMLSchema-instance" xsi:noNamespaceSchemaLocation="https://maven.apache.org/surefire/maven-surefire-plugin/xsd/surefire-test-report-3.0.xsd" version="3.0" name="TestSuite" time="38.404" tests="6" errors="0" skipped="0" failures="0">
  <properties>
[...]
</properties>
  <testcase name="basePageNavigation" classname="Academy.E2EProject.ValidateTitle" time="0.291">
    <system-err><![CDATA[ERROR StatusLogger Log4j2 could not find a logging implementation. Please add log4j-core to the classpath. Using SimpleLogger to log to the console...
SLF4J: Failed to load class "org.slf4j.impl.StaticLoggerBinder".
SLF4J: Defaulting to no-operation (NOP) logger implementation
SLF4J: See http://www.slf4j.org/codes.html#StaticLoggerBinder for further details.
Starting ChromeDrSivtearr t8i4n.g0 .41C4h7r.ome3D0r i(v4e8br3 e884.0.684b144c7c.03a0 a(74e88b134e9856189b649c0cb06af6a974e891e49151109a689-0rbe6ffs6/9b4r9aen1c10h-ah8e-raedfss//4b1r47a@n{c#h3-1h0e})a dosn/ 4po1r4t7 @3S0{t0#a73r71t0
i}n)Og n olynC h lorcpoaomlr ecDto rnn6iev1c4etr0i on
8s4O .nal0r.ey 4 al1l4lo7oc.wae3l0d  .c(o4
n8Pnblee3ceat8si6eo8 nbss4e ceac rh0eta taapl7sle:o/8/w1ceh4dr.9om5
e1Pd9rl6ie9va0esrbe.6c fhs6reoem9 i4hu9tmte.op1rs1g:0//as/8ecc-urhrreioftmsy-e/cdbornrisanvicdeehrr-.athcieohandrsso m/fi41uo4mr7. @os{ru#gg3/g1se0set}i)co nousn  ropnoi rktte ey4p9-i2nc3g o
COhnnrlosym ielDdorceiarvlae tcrio nosnanefsce t.ifo
onrs  saureg aglelsowteido.n
sP loena sek eseeep ihntgt pCsh:r/o/mcehDrroimveedrr isvaefre..ch
romium.org/security-considerations for suggestions on keeping ChromeDriver safe.
CCChhhrrrooommmeeeDDDrrriiivvveeerrr   wwwaaasss   ssstttaaarrrttteedd  ssuuecccdc esesssusffuuclllclyey.s.s
f
ully.
Starting ChromeDriver 84.0.4147.30 (48b3e868b4cc0aa7e8149519690b6f6949e110a8-refs/branch-heads/4147@{#310}) on port 34570
Only local connections are allowed.
Please see https://chromedriver.chromium.org/security-considerations for suggestions on keeping ChromeDriver safe.
ChromeDriver was started successfully.
Starting ChromeDriver 84.0.4147.30 (48b3e868b4cc0aa7e8149519690b6f6949e110a8-refs/branch-heads/4147@{#310}) on port 30628
Only local connections are allowed.
Please see https://chromedriver.chromium.org/security-considerations for suggestions on keeping ChromeDriver safe.
ChromeDriver was started successfully.
Aug 23, 2020 11:04:32 PM org.openqa.selenium.remote.ProtocolHandshake createSession
INFO: Detected dialect: W3C
Aug 23, 2020 11:04:32 PM org.openqa.selenium.remote.ProtocolHandshake createSession
INFO: Detected dialect: W3C
Aug 23, 2020 11:04:32 PM org.openqa.selenium.remote.ProtocolHandshake createSession
INFO: Detected dialect: W3C
Aug 23, 2020 11:04:32 PM org.openqa.selenium.remote.ProtocolHandshake createSession
INFO: Detected dialect: W3C
Aug 23, 2020 11:04:32 PM org.openqa.selenium.remote.ProtocolHandshake createSession
INFO: Detected dialect: W3C
]]></system-err>
  </testcase>
  <testcase name="basePageNavigation" classname="Academy.E2EProject.ValidateNavigationBar" time="0.701"/>
  <testcase name="basePageNavigation[nonrestricteduser@qa.com, Testpassword, Restricted User](1)" classname="Academy.E2EProject.HomePage" time="0.06"/>
  <testcase name="basePageNavigation[restricteduser@qa.com, Testpassword, Non Restricted User](2)" classname="Academy.E2EProject.HomePage" time="4.822"/>
  <testcase name="validatePracticePage" classname="Academy.E2EProject.ValidatePractice" time="8.427">
    <system-err><![CDATA[Aug 23, 2020 11:04:51 PM org.openqa.selenium.remote.http.WebSocket$Listener onError
WARNING: Connection reset
java.net.SocketException: Connection reset
	at java.base/sun.nio.ch.SocketChannelImpl.throwConnectionReset(SocketChannelImpl.java:345)
	at java.base/sun.nio.ch.SocketChannelImpl.read(SocketChannelImpl.java:376)
	at io.netty.buffer.PooledByteBuf.setBytes(PooledByteBuf.java:253)
	at io.netty.buffer.AbstractByteBuf.writeBytes(AbstractByteBuf.java:1133)
	at io.netty.channel.socket.nio.NioSocketChannel.doReadBytes(NioSocketChannel.java:350)
	at io.netty.channel.nio.AbstractNioByteChannel$NioByteUnsafe.read(AbstractNioByteChannel.java:148)
	at io.netty.channel.nio.NioEventLoop.processSelectedKey(NioEventLoop.java:714)
	at io.netty.channel.nio.NioEventLoop.processSelectedKeysOptimized(NioEventLoop.java:650)
	at io.netty.channel.nio.NioEventLoop.processSelectedKeys(NioEventLoop.java:576)
	at io.netty.channel.nio.NioEventLoop.run(NioEventLoop.java:493)
	at io.netty.util.concurrent.SingleThreadEventExecutor$4.run(SingleThreadEventExecutor.java:989)
	at io.netty.util.internal.ThreadExecutorMap$2.run(ThreadExecutorMap.java:74)
	at io.netty.util.concurrent.FastThreadLocalRunnable.run(FastThreadLocalRunnable.java:30)
	at java.base/java.lang.Thread.run(Thread.java:832)

]]></system-err>
  </testcase>
  <testcase name="validateContact" classname="Academy.E2EProject.ValidateContactForm" time="13.593"/>
</testsuite>